<?xml version="1.0" encoding="UTF-8"?>
<!-- Generated by org.testng.reporters.JUnitReportReporter -->
<testsuite hostname="ONKAR-UBHE1812" failures="0" tests="1" name="testCases.CreateContactOrganizationDateTime" time="10.982" errors="0" timestamp="2024-08-01T23:16:00 IST" skipped="0">
  <testcase classname="testCases.CreateContactOrganizationDateTime" name="contact" time="10.982"/>
</testsuite> <!-- testCases.CreateContactOrganizationDateTime -->
