<?xml version="1.0" encoding="UTF-8"?>
<!-- Generated by org.testng.reporters.JUnitReportReporter -->
<testsuite hostname="ONKAR-UBHE1812" failures="0" tests="1" name="testCases.CreateOrganizationWithIndustry" time="13.107" errors="0" timestamp="2024-08-01T20:52:54 IST" skipped="0">
  <testcase classname="testCases.CreateOrganizationWithIndustry" name="main" time="13.107"/>
</testsuite> <!-- testCases.CreateOrganizationWithIndustry -->
