<?xml version="1.0" encoding="UTF-8"?>
<!-- Generated by org.testng.reporters.JUnitReportReporter -->
<testsuite hostname="ONKAR-UBHE1812" failures="0" tests="1" name="organization.Rough" time="12.348" errors="0" timestamp="2024-07-30T22:47:59 IST" skipped="0">
  <testcase classname="organization.Rough" name="rough" time="12.348"/>
</testsuite> <!-- organization.Rough -->
