<?xml version="1.0" encoding="UTF-8"?>
<!-- Generated by org.testng.reporters.JUnitReportReporter -->
<testsuite hostname="ONKAR-UBHE1812" failures="0" tests="1" name="organization.Create_Organization" time="11.802" errors="0" timestamp="2024-07-24T21:15:35 IST" skipped="0">
  <testcase classname="organization.Create_Organization" name="main" time="11.802"/>
</testsuite> <!-- organization.Create_Organization -->
