<?xml version="1.0" encoding="UTF-8"?>
<!-- Generated by org.testng.reporters.JUnitReportReporter -->
<testsuite hostname="ONKAR-UBHE1812" failures="0" tests="1" name="testCases.CreateOrganization" time="13.051" errors="0" timestamp="2024-07-31T23:16:28 IST" skipped="0">
  <testcase classname="testCases.CreateOrganization" name="main" time="13.051"/>
</testsuite> <!-- testCases.CreateOrganization -->
